1494168780843	geckodriver	INFO	Listening on 127.0.0.1:53558
1494169642249	geckodriver	INFO	Listening on 127.0.0.1:53990
1494169643274	geckodriver::marionette	INFO	Starting browser /Applications/Firefox.app/Contents/MacOS/firefox-bin with args ["-marionette"]
1494169644943	Marionette	INFO	Listening on port 54001
1494169645046	Marionette	WARN	TLS certificate errors will be ignored for this session
2017-05-07 23:07:25.331 plugin-container[47049:9077789] *** CFMessagePort: bootstrap_register(): failed 1100 (0x44c) 'Permission denied', port = 0x9c3b, name = 'com.apple.tsm.portname'
See /usr/include/servers/bootstrap_defs.h for the error codes.
2017-05-07 23:07:25.333 plugin-container[47049:9077789] *** CFMessagePort: bootstrap_register(): failed 1100 (0x44c) 'Permission denied', port = 0x9f03, name = 'com.apple.CFPasteboardClient'
See /usr/include/servers/bootstrap_defs.h for the error codes.
1494169685857	geckodriver	INFO	Listening on 127.0.0.1:54060
1494169686885	geckodriver::marionette	INFO	Starting browser /Applications/Firefox.app/Contents/MacOS/firefox-bin with args ["-marionette"]
1494169688511	Marionette	INFO	Listening on port 54069
1494169688552	Marionette	WARN	TLS certificate errors will be ignored for this session
2017-05-07 23:08:08.971 plugin-container[47067:9080857] *** CFMessagePort: bootstrap_register(): failed 1100 (0x44c) 'Permission denied', port = 0x9c2f, name = 'com.apple.tsm.portname'
See /usr/include/servers/bootstrap_defs.h for the error codes.
2017-05-07 23:08:08.974 plugin-container[47067:9080857] *** CFMessagePort: bootstrap_register(): failed 1100 (0x44c) 'Permission denied', port = 0x9f03, name = 'com.apple.CFPasteboardClient'
See /usr/include/servers/bootstrap_defs.h for the error codes.
1494169714406	geckodriver	INFO	Listening on 127.0.0.1:54128
1494169715423	geckodriver::marionette	INFO	Starting browser /Applications/Firefox.app/Contents/MacOS/firefox-bin with args ["-marionette"]
1494169717051	Marionette	INFO	Listening on port 54137
1494169717095	Marionette	WARN	TLS certificate errors will be ignored for this session
2017-05-07 23:08:37.433 plugin-container[47078:9081887] *** CFMessagePort: bootstrap_register(): failed 1100 (0x44c) 'Permission denied', port = 0x9c33, name = 'com.apple.tsm.portname'
See /usr/include/servers/bootstrap_defs.h for the error codes.
2017-05-07 23:08:37.435 plugin-container[47078:9081887] *** CFMessagePort: bootstrap_register(): failed 1100 (0x44c) 'Permission denied', port = 0x9f03, name = 'com.apple.CFPasteboardClient'
See /usr/include/servers/bootstrap_defs.h for the error codes.
2017-05-07 23:08:41.608 plugin-container[47079:9082260] *** CFMessagePort: bootstrap_register(): failed 1100 (0x44c) 'Permission denied', port = 0x9c3b, name = 'com.apple.tsm.portname'
See /usr/include/servers/bootstrap_defs.h for the error codes.
2017-05-07 23:08:41.609 plugin-container[47079:9082260] *** CFMessagePort: bootstrap_register(): failed 1100 (0x44c) 'Permission denied', port = 0x9f03, name = 'com.apple.CFPasteboardClient'
See /usr/include/servers/bootstrap_defs.h for the error codes.
1494169731228	geckodriver	INFO	Listening on 127.0.0.1:54191
1494169732242	geckodriver::marionette	INFO	Starting browser /Applications/Firefox.app/Contents/MacOS/firefox-bin with args ["-marionette"]
1494169733871	Marionette	INFO	Listening on port 54200
1494169733914	Marionette	WARN	TLS certificate errors will be ignored for this session
2017-05-07 23:08:54.309 plugin-container[47087:9082935] *** CFMessagePort: bootstrap_register(): failed 1100 (0x44c) 'Permission denied', port = 0x9c3b, name = 'com.apple.tsm.portname'
See /usr/include/servers/bootstrap_defs.h for the error codes.
2017-05-07 23:08:54.310 plugin-container[47087:9082935] *** CFMessagePort: bootstrap_register(): failed 1100 (0x44c) 'Permission denied', port = 0x9f03, name = 'com.apple.CFPasteboardClient'
See /usr/include/servers/bootstrap_defs.h for the error codes.
1494169739440	geckodriver	INFO	Listening on 127.0.0.1:54253
1494169740458	geckodriver::marionette	INFO	Starting browser /Applications/Firefox.app/Contents/MacOS/firefox-bin with args ["-marionette"]
1494169742088	Marionette	INFO	Listening on port 54263
1494169742128	Marionette	WARN	TLS certificate errors will be ignored for this session
2017-05-07 23:09:02.454 plugin-container[47095:9083854] *** CFMessagePort: bootstrap_register(): failed 1100 (0x44c) 'Permission denied', port = 0x9c3b, name = 'com.apple.tsm.portname'
See /usr/include/servers/bootstrap_defs.h for the error codes.
2017-05-07 23:09:02.455 plugin-container[47095:9083854] *** CFMessagePort: bootstrap_register(): failed 1100 (0x44c) 'Permission denied', port = 0x9f03, name = 'com.apple.CFPasteboardClient'
See /usr/include/servers/bootstrap_defs.h for the error codes.
1494170002019	geckodriver	INFO	Listening on 127.0.0.1:54386
1494170003040	geckodriver::marionette	INFO	Starting browser /Applications/Firefox.app/Contents/MacOS/firefox-bin with args ["-marionette"]
1494170004689	Marionette	INFO	Listening on port 54395
1494170004795	Marionette	WARN	TLS certificate errors will be ignored for this session
2017-05-07 23:13:25.137 plugin-container[47196:9094443] *** CFMessagePort: bootstrap_register(): failed 1100 (0x44c) 'Permission denied', port = 0x9d3b, name = 'com.apple.tsm.portname'
See /usr/include/servers/bootstrap_defs.h for the error codes.
2017-05-07 23:13:25.140 plugin-container[47196:9094443] *** CFMessagePort: bootstrap_register(): failed 1100 (0x44c) 'Permission denied', port = 0xa003, name = 'com.apple.CFPasteboardClient'
See /usr/include/servers/bootstrap_defs.h for the error codes.
